<?xml version="1.0" encoding="UTF-8"?>
<!-- Generated by org.testng.reporters.JUnitReportReporter -->
<testsuite skipped="0" hostname="DESKTOP-M23GQVV" name="com.maven.test.MainTest" tests="1" failures="0" timestamp="2020-09-26T10:50:31 IST" time="0.016" errors="0">
  <testcase name="Create" time="0.016" classname="com.maven.test.MainTest"/>
  <system-out>
maven  </system-out>
</testsuite> <!-- com.maven.test.MainTest -->
